<?xml version="1.0" encoding="UTF-8"?>
<!-- Generated by org.testng.reporters.JUnitReportReporter -->
<testsuite hostname="DESKTOP-RBQGBHG" name="com.MoneyGamingSM.RegistrationProcess" tests="1" failures="0" timestamp="31 Mar 2021 12:33:40 GMT" time="56.719" errors="0">
  <testcase name="registrationTest" time="56.719" classname="com.MoneyGamingSM.RegistrationProcess"/>
</testsuite> <!-- com.MoneyGamingSM.RegistrationProcess -->
